<?xml version="1.0" encoding="UTF-8"?>
<!-- Generated by org.testng.reporters.JUnitReportReporter -->
<testsuite hostname="LAPTOP-1Q6O13EU" failures="0" tests="1" name="RahulShettyAcademy.ExtentReportProject.ExtentReportDemo" time="15.458" errors="0" timestamp="2024-07-12T16:19:44 IST" skipped="0">
  <testcase classname="RahulShettyAcademy.ExtentReportProject.ExtentReportDemo" name="initialDemo" time="15.458"/>
</testsuite> <!-- RahulShettyAcademy.ExtentReportProject.ExtentReportDemo -->
